Results of file D:\Documents\FLI\Sequences\PorzNetwork\S_Porz_Bav_AA.ami with Epsilon=0
Criterion for generated median vectors : Connection cost.

Equivalent taxa : 

Tax.      2 with tax.      3
Tax.      2 with tax.      6
Tax.      2 with tax.      7
Tax.      2 with tax.      8
Tax.      2 with tax.      9
Tax.      2 with tax.     12
Tax.      2 with tax.     13
Tax.      2 with tax.     14
Tax.      2 with tax.     23
Tax.      2 with tax.     24
Tax.      2 with tax.     25
Tax.      2 with tax.     26
Tax.      2 with tax.     27
Tax.      2 with tax.     28
Tax.      2 with tax.     29
Tax.      2 with tax.     30
Tax.      2 with tax.     31
Tax.      2 with tax.     32
Tax.      2 with tax.     33
Tax.      2 with tax.     34
Tax.      2 with tax.     35
Tax.      2 with tax.     36
Tax.      2 with tax.     37
Tax.      2 with tax.     39
Tax.      2 with tax.     40
Tax.      2 with tax.     41
Tax.      2 with tax.     42
Tax.      2 with tax.     44
Tax.      2 with tax.     46
Tax.      2 with tax.     47
Tax.      2 with tax.     50
Tax.      2 with tax.     51
Tax.      2 with tax.     52
Tax.      2 with tax.     53
Tax.      2 with tax.     54
Tax.      2 with tax.     56
Tax.      2 with tax.     61
Tax.      2 with tax.     63
Tax.      2 with tax.     69
Tax.      2 with tax.     75
Tax.      2 with tax.     77
Tax.      2 with tax.     78
Tax.      2 with tax.    105
Tax.      2 with tax.    106
Tax.      2 with tax.    107
Tax.      4 with tax.      5
Tax.      4 with tax.     10
Tax.      4 with tax.     11
Tax.      4 with tax.     16
Tax.      4 with tax.     17
Tax.      4 with tax.     21
Tax.      4 with tax.     22
Tax.      4 with tax.     48
Tax.      4 with tax.     49
Tax.     15 with tax.     18
Tax.     15 with tax.     20
Tax.     57 with tax.     58
Tax.     57 with tax.     59
Tax.     57 with tax.     60
Tax.     57 with tax.     62
Tax.     64 with tax.     66
Tax.     64 with tax.     67
Tax.     64 with tax.     68
Tax.     64 with tax.     70
Tax.     64 with tax.     71
Tax.     64 with tax.     73
Tax.     64 with tax.     74
Tax.     64 with tax.     76
Tax.     64 with tax.     87
Tax.     64 with tax.     88
Tax.     64 with tax.     89
Tax.     64 with tax.     90
Tax.     64 with tax.     91
Tax.     64 with tax.     92
Tax.     64 with tax.     93
Tax.     64 with tax.     94
Tax.     64 with tax.     95
Tax.     64 with tax.     96
Tax.     64 with tax.     97
Tax.     64 with tax.     98
Tax.     64 with tax.     99
Tax.     64 with tax.    100
Tax.     64 with tax.    101
Tax.     64 with tax.    102
Tax.     64 with tax.    103
Tax.     65 with tax.     80
Tax.     65 with tax.     81
Tax.     65 with tax.     82
Tax.     65 with tax.     83
Tax.     65 with tax.     84
Tax.     65 with tax.     85
Tax.     65 with tax.     86

Final links : 

Link    1 0 Seq.      1 with Seq.      2, mutations at 195   RA 
Link    2 0 Seq.      2 with Seq.     38, mutations at 125   IV 
Link    3 0 Seq.      2 with Seq.     43, mutations at 164   EQ 
Link    4 0 Seq.      2 with Seq.     45, mutations at 200   PR 
Link    5 0 Seq.      2 with Seq.     55, mutations at 126   KR 
Link    6 0 Seq.      2 with Seq.     57, mutations at 136   PA 
Link    7 0 Seq.      2 with Seq.     65, mutations at 134   SG 
Link    8 1 Seq.      2 with Seq.     79, mutations at 173   AV 
Link    9 1 Seq.      2 with Seq. mv   1, mutations at 173   AE 
Link   10 0 Seq.      4 with Seq.     15, mutations at 167   DN 
Link   11 0 Seq.      4 with Seq.     19, mutations at 43    F- 
Link   12 0 Seq.      4 with Seq.     64, mutations at 134   SG 
Link   13 0 Seq.      4 with Seq. mv   1, mutations at 10    VI 11    MT 159   DE 
Link   14 0 Seq.     64 with Seq.     72, mutations at 14    AT 
Link   15 0 Seq.     64 with Seq.    104, mutations at 125   IL 
Link   16 1 Seq.     79 with Seq. mv   1, mutations at 173   VE 
**************************************************
Frequ. of taxon        1 :    1
Frequ. of taxon        2 :    1
Frequ. of taxon        3 :    1
Frequ. of taxon        4 :    1
Frequ. of taxon        5 :    1
Frequ. of taxon        6 :    1
Frequ. of taxon        7 :    1
Frequ. of taxon        8 :    1
Frequ. of taxon        9 :    1
Frequ. of taxon       10 :    1
Frequ. of taxon       11 :    1
Frequ. of taxon       12 :    1
Frequ. of taxon       13 :    1
Frequ. of taxon       14 :    1
Frequ. of taxon       15 :    1
Frequ. of taxon       16 :    1
Frequ. of taxon       17 :    1
Frequ. of taxon       18 :    1
Frequ. of taxon       19 :    1
Frequ. of taxon       20 :    1
Frequ. of taxon       21 :    1
Frequ. of taxon       22 :    1
Frequ. of taxon       23 :    1
Frequ. of taxon       24 :    1
Frequ. of taxon       25 :    1
Frequ. of taxon       26 :    1
Frequ. of taxon       27 :    1
Frequ. of taxon       28 :    1
Frequ. of taxon       29 :    1
Frequ. of taxon       30 :    1
Frequ. of taxon       31 :    1
Frequ. of taxon       32 :    1
Frequ. of taxon       33 :    1
Frequ. of taxon       34 :    1
Frequ. of taxon       35 :    1
Frequ. of taxon       36 :    1
Frequ. of taxon       37 :    1
Frequ. of taxon       38 :    1
Frequ. of taxon       39 :    1
Frequ. of taxon       40 :    1
Frequ. of taxon       41 :    1
Frequ. of taxon       42 :    1
Frequ. of taxon       43 :    1
Frequ. of taxon       44 :    1
Frequ. of taxon       45 :    1
Frequ. of taxon       46 :    1
Frequ. of taxon       47 :    1
Frequ. of taxon       48 :    1
Frequ. of taxon       49 :    1
Frequ. of taxon       50 :    1
Frequ. of taxon       51 :    1
Frequ. of taxon       52 :    1
Frequ. of taxon       53 :    1
Frequ. of taxon       54 :    1
Frequ. of taxon       55 :    1
Frequ. of taxon       56 :    1
Frequ. of taxon       57 :    1
Frequ. of taxon       58 :    1
Frequ. of taxon       59 :    1
Frequ. of taxon       60 :    1
Frequ. of taxon       61 :    1
Frequ. of taxon       62 :    1
Frequ. of taxon       63 :    1
Frequ. of taxon       64 :    1
Frequ. of taxon       65 :    1
Frequ. of taxon       66 :    1
Frequ. of taxon       67 :    1
Frequ. of taxon       68 :    1
Frequ. of taxon       69 :    1
Frequ. of taxon       70 :    1
Frequ. of taxon       71 :    1
Frequ. of taxon       72 :    1
Frequ. of taxon       73 :    1
Frequ. of taxon       74 :    1
Frequ. of taxon       75 :    1
Frequ. of taxon       76 :    1
Frequ. of taxon       77 :    1
Frequ. of taxon       78 :    1
Frequ. of taxon       79 :    1
Frequ. of taxon       80 :    1
Frequ. of taxon       81 :    1
Frequ. of taxon       82 :    1
Frequ. of taxon       83 :    1
Frequ. of taxon       84 :    1
Frequ. of taxon       85 :    1
Frequ. of taxon       86 :    1
Frequ. of taxon       87 :    1
Frequ. of taxon       88 :    1
Frequ. of taxon       89 :    1
Frequ. of taxon       90 :    1
Frequ. of taxon       91 :    1
Frequ. of taxon       92 :    1
Frequ. of taxon       93 :    1
Frequ. of taxon       94 :    1
Frequ. of taxon       95 :    1
Frequ. of taxon       96 :    1
Frequ. of taxon       97 :    1
Frequ. of taxon       98 :    1
Frequ. of taxon       99 :    1
Frequ. of taxon      100 :    1
Frequ. of taxon      101 :    1
Frequ. of taxon      102 :    1
Frequ. of taxon      103 :    1
Frequ. of taxon      104 :    1
Frequ. of taxon      105 :    1
Frequ. of taxon      106 :    1
Frequ. of taxon      107 :    1
Frequ. of taxon   mv   1 :    0
**************************************************
Weight of character 1      :  10
Weight of character 2      :  10
Weight of character 3      :  10
Weight of character 4      :  10
Weight of character 5      :  10
Weight of character 6      :  10
Weight of character 7      :  10
Weight of character 8      :  10
Weight of character 9      :  10
Weight of character 10     :  10
Weight of character 11     :  10
Weight of character 12     :  10
Weight of character 13     :  10
Weight of character 14     :  10
Weight of character 15     :  10
Weight of character 16     :  10
Weight of character 17     :  10
Weight of character 18     :  10
Weight of character 19     :  10
Weight of character 20     :  10
Weight of character 21     :  10
Weight of character 22     :  10
Weight of character 23     :  10
Weight of character 24     :  10
Weight of character 25     :  10
Weight of character 26     :  10
Weight of character 27     :  10
Weight of character 28     :  10
Weight of character 29     :  10
Weight of character 30     :  10
Weight of character 31     :  10
Weight of character 32     :  10
Weight of character 33     :  10
Weight of character 34     :  10
Weight of character 35     :  10
Weight of character 36     :  10
Weight of character 37     :  10
Weight of character 38     :  10
Weight of character 39     :  10
Weight of character 40     :  10
Weight of character 41     :  10
Weight of character 42     :  10
Weight of character 43     :  10
Weight of character 44     :  10
Weight of character 45     :  10
Weight of character 46     :  10
Weight of character 47     :  10
Weight of character 48     :  10
Weight of character 49     :  10
Weight of character 50     :  10
Weight of character 51     :  10
Weight of character 52     :  10
Weight of character 53     :  10
Weight of character 54     :  10
Weight of character 55     :  10
Weight of character 56     :  10
Weight of character 57     :  10
Weight of character 58     :  10
Weight of character 59     :  10
Weight of character 60     :  10
Weight of character 61     :  10
Weight of character 62     :  10
Weight of character 63     :  10
Weight of character 64     :  10
Weight of character 65     :  10
Weight of character 66     :  10
Weight of character 67     :  10
Weight of character 68     :  10
Weight of character 69     :  10
Weight of character 70     :  10
Weight of character 71     :  10
Weight of character 72     :  10
Weight of character 73     :  10
Weight of character 74     :  10
Weight of character 75     :  10
Weight of character 76     :  10
Weight of character 77     :  10
Weight of character 78     :  10
Weight of character 79     :  10
Weight of character 80     :  10
Weight of character 81     :  10
Weight of character 82     :  10
Weight of character 83     :  10
Weight of character 84     :  10
Weight of character 85     :  10
Weight of character 86     :  10
Weight of character 87     :  10
Weight of character 88     :  10
Weight of character 89     :  10
Weight of character 90     :  10
Weight of character 91     :  10
Weight of character 92     :  10
Weight of character 93     :  10
Weight of character 94     :  10
Weight of character 95     :  10
Weight of character 96     :  10
Weight of character 97     :  10
Weight of character 98     :  10
Weight of character 99     :  10
Weight of character 100    :  10
Weight of character 101    :  10
Weight of character 102    :  10
Weight of character 103    :  10
Weight of character 104    :  10
Weight of character 105    :  10
Weight of character 106    :  10
Weight of character 107    :  10
Weight of character 108    :  10
Weight of character 109    :  10
Weight of character 110    :  10
Weight of character 111    :  10
Weight of character 112    :  10
Weight of character 113    :  10
Weight of character 114    :  10
Weight of character 115    :  10
Weight of character 116    :  10
Weight of character 117    :  10
Weight of character 118    :  10
Weight of character 119    :  10
Weight of character 120    :  10
Weight of character 121    :  10
Weight of character 122    :  10
Weight of character 123    :  10
Weight of character 124    :  10
Weight of character 125    :  10
Weight of character 126    :  10
Weight of character 127    :  10
Weight of character 128    :  10
Weight of character 129    :  10
Weight of character 130    :  10
Weight of character 131    :  10
Weight of character 132    :  10
Weight of character 133    :  10
Weight of character 134    :  10
Weight of character 135    :  10
Weight of character 136    :  10
Weight of character 137    :  10
Weight of character 138    :  10
Weight of character 139    :  10
Weight of character 140    :  10
Weight of character 141    :  10
Weight of character 142    :  10
Weight of character 143    :  10
Weight of character 144    :  10
Weight of character 145    :  10
Weight of character 146    :  10
Weight of character 147    :  10
Weight of character 148    :  10
Weight of character 149    :  10
Weight of character 150    :  10
Weight of character 151    :  10
Weight of character 152    :  10
Weight of character 153    :  10
Weight of character 154    :  10
Weight of character 155    :  10
Weight of character 156    :  10
Weight of character 157    :  10
Weight of character 158    :  10
Weight of character 159    :  10
Weight of character 160    :  10
Weight of character 161    :  10
Weight of character 162    :  10
Weight of character 163    :  10
Weight of character 164    :  10
Weight of character 165    :  10
Weight of character 166    :  10
Weight of character 167    :  10
Weight of character 168    :  10
Weight of character 169    :  10
Weight of character 170    :  10
Weight of character 171    :  10
Weight of character 172    :  10
Weight of character 173    :  10
Weight of character 174    :  10
Weight of character 175    :  10
Weight of character 176    :  10
Weight of character 177    :  10
Weight of character 178    :  10
Weight of character 179    :  10
Weight of character 180    :  10
Weight of character 181    :  10
Weight of character 182    :  10
Weight of character 183    :  10
Weight of character 184    :  10
Weight of character 185    :  10
Weight of character 186    :  10
Weight of character 187    :  10
Weight of character 188    :  10
Weight of character 189    :  10
Weight of character 190    :  10
Weight of character 191    :  10
Weight of character 192    :  10
Weight of character 193    :  10
Weight of character 194    :  10
Weight of character 195    :  10
Weight of character 196    :  10
Weight of character 197    :  10
Weight of character 198    :  10
Weight of character 199    :  10
Weight of character 200    :  10
Weight of character 201    :  10
Weight of character 202    :  10
Weight of character 203    :  10
Weight of character 204    :  10
Weight of character 205    :  10
Weight of character 206    :  10
Weight of character 207    :  10
**************************************************
Mapping of character;     1;CH1
Mapping of character;     2;CH2
Mapping of character;     3;CH3
Mapping of character;     4;CH4
Mapping of character;     5;CH5
Mapping of character;     6;CH6
Mapping of character;     7;CH7
Mapping of character;     8;CH8
Mapping of character;     9;CH9
Mapping of character;    10;CH10
Mapping of character;    11;CH11
Mapping of character;    12;CH12
Mapping of character;    13;CH13
Mapping of character;    14;CH14
Mapping of character;    15;CH15
Mapping of character;    16;CH16
Mapping of character;    17;CH17
Mapping of character;    18;CH18
Mapping of character;    19;CH19
Mapping of character;    20;CH20
Mapping of character;    21;CH21
Mapping of character;    22;CH22
Mapping of character;    23;CH23
Mapping of character;    24;CH24
Mapping of character;    25;CH25
Mapping of character;    26;CH26
Mapping of character;    27;CH27
Mapping of character;    28;CH28
Mapping of character;    29;CH29
Mapping of character;    30;CH30
Mapping of character;    31;CH31
Mapping of character;    32;CH32
Mapping of character;    33;CH33
Mapping of character;    34;CH34
Mapping of character;    35;CH35
Mapping of character;    36;CH36
Mapping of character;    37;CH37
Mapping of character;    38;CH38
Mapping of character;    39;CH39
Mapping of character;    40;CH40
Mapping of character;    41;CH41
Mapping of character;    42;CH42
Mapping of character;    43;CH43
Mapping of character;    44;CH44
Mapping of character;    45;CH45
Mapping of character;    46;CH46
Mapping of character;    47;CH47
Mapping of character;    48;CH48
Mapping of character;    49;CH49
Mapping of character;    50;CH50
Mapping of character;    51;CH51
Mapping of character;    52;CH52
Mapping of character;    53;CH53
Mapping of character;    54;CH54
Mapping of character;    55;CH55
Mapping of character;    56;CH56
Mapping of character;    57;CH57
Mapping of character;    58;CH58
Mapping of character;    59;CH59
Mapping of character;    60;CH60
Mapping of character;    61;CH61
Mapping of character;    62;CH62
Mapping of character;    63;CH63
Mapping of character;    64;CH64
Mapping of character;    65;CH65
Mapping of character;    66;CH66
Mapping of character;    67;CH67
Mapping of character;    68;CH68
Mapping of character;    69;CH69
Mapping of character;    70;CH70
Mapping of character;    71;CH71
Mapping of character;    72;CH72
Mapping of character;    73;CH73
Mapping of character;    74;CH74
Mapping of character;    75;CH75
Mapping of character;    76;CH76
Mapping of character;    77;CH77
Mapping of character;    78;CH78
Mapping of character;    79;CH79
Mapping of character;    80;CH80
Mapping of character;    81;CH81
Mapping of character;    82;CH82
Mapping of character;    83;CH83
Mapping of character;    84;CH84
Mapping of character;    85;CH85
Mapping of character;    86;CH86
Mapping of character;    87;CH87
Mapping of character;    88;CH88
Mapping of character;    89;CH89
Mapping of character;    90;CH90
Mapping of character;    91;CH91
Mapping of character;    92;CH92
Mapping of character;    93;CH93
Mapping of character;    94;CH94
Mapping of character;    95;CH95
Mapping of character;    96;CH96
Mapping of character;    97;CH97
Mapping of character;    98;CH98
Mapping of character;    99;CH99
Mapping of character;   100;CH100
Mapping of character;   101;CH101
Mapping of character;   102;CH102
Mapping of character;   103;CH103
Mapping of character;   104;CH104
Mapping of character;   105;CH105
Mapping of character;   106;CH106
Mapping of character;   107;CH107
Mapping of character;   108;CH108
Mapping of character;   109;CH109
Mapping of character;   110;CH110
Mapping of character;   111;CH111
Mapping of character;   112;CH112
Mapping of character;   113;CH113
Mapping of character;   114;CH114
Mapping of character;   115;CH115
Mapping of character;   116;CH116
Mapping of character;   117;CH117
Mapping of character;   118;CH118
Mapping of character;   119;CH119
Mapping of character;   120;CH120
Mapping of character;   121;CH121
Mapping of character;   122;CH122
Mapping of character;   123;CH123
Mapping of character;   124;CH124
Mapping of character;   125;CH125
Mapping of character;   126;CH126
Mapping of character;   127;CH127
Mapping of character;   128;CH128
Mapping of character;   129;CH129
Mapping of character;   130;CH130
Mapping of character;   131;CH131
Mapping of character;   132;CH132
Mapping of character;   133;CH133
Mapping of character;   134;CH134
Mapping of character;   135;CH135
Mapping of character;   136;CH136
Mapping of character;   137;CH137
Mapping of character;   138;CH138
Mapping of character;   139;CH139
Mapping of character;   140;CH140
Mapping of character;   141;CH141
Mapping of character;   142;CH142
Mapping of character;   143;CH143
Mapping of character;   144;CH144
Mapping of character;   145;CH145
Mapping of character;   146;CH146
Mapping of character;   147;CH147
Mapping of character;   148;CH148
Mapping of character;   149;CH149
Mapping of character;   150;CH150
Mapping of character;   151;CH151
Mapping of character;   152;CH152
Mapping of character;   153;CH153
Mapping of character;   154;CH154
Mapping of character;   155;CH155
Mapping of character;   156;CH156
Mapping of character;   157;CH157
Mapping of character;   158;CH158
Mapping of character;   159;CH159
Mapping of character;   160;CH160
Mapping of character;   161;CH161
Mapping of character;   162;CH162
Mapping of character;   163;CH163
Mapping of character;   164;CH164
Mapping of character;   165;CH165
Mapping of character;   166;CH166
Mapping of character;   167;CH167
Mapping of character;   168;CH168
Mapping of character;   169;CH169
Mapping of character;   170;CH170
Mapping of character;   171;CH171
Mapping of character;   172;CH172
Mapping of character;   173;CH173
Mapping of character;   174;CH174
Mapping of character;   175;CH175
Mapping of character;   176;CH176
Mapping of character;   177;CH177
Mapping of character;   178;CH178
Mapping of character;   179;CH179
Mapping of character;   180;CH180
Mapping of character;   181;CH181
Mapping of character;   182;CH182
Mapping of character;   183;CH183
Mapping of character;   184;CH184
Mapping of character;   185;CH185
Mapping of character;   186;CH186
Mapping of character;   187;CH187
Mapping of character;   188;CH188
Mapping of character;   189;CH189
Mapping of character;   190;CH190
Mapping of character;   191;CH191
Mapping of character;   192;CH192
Mapping of character;   193;CH193
Mapping of character;   194;CH194
Mapping of character;   195;CH195
Mapping of character;   196;CH196
Mapping of character;   197;CH197
Mapping of character;   198;CH198
Mapping of character;   199;CH199
Mapping of character;   200;CH200
Mapping of character;   201;CH201
Mapping of character;   202;CH202
Mapping of character;   203;CH203
Mapping of character;   204;CH204
Mapping of character;   205;CH205
Mapping of character;   206;CH206
Mapping of character;   207;CH207
Mapping of taxon;     1;gi|356457881|r1
Other information of taxon;     1;Phenotype;;Geography;;Lineage;;Group1;;Group2;;Group3;;
Mapping of taxon;     2;11_0631_NemC
Other information of taxon;     2;Phenotype;;Geography;;Lineage;;Group1;;Group2;;Group3;;
Mapping of taxon;     3;11_0639_FurB
Other information of taxon;     3;Phenotype;;Geography;;Lineage;;Group1;;Group2;;Group3;;
Mapping of taxon;     4;11_0646_KnoB
Other information of taxon;     4;Phenotype;;Geography;;Lineage;;Group1;;Group2;;Group3;;
Mapping of taxon;     5;11_0654_KnoB
Other information of taxon;     5;Phenotype;;Geography;;Lineage;;Group1;;Group2;;Group3;;
Mapping of taxon;     6;11_655_BirC
Other information of taxon;     6;Phenotype;;Geography;;Lineage;;Group1;;Group2;;Group3;;
Mapping of taxon;     7;11_657_BirC
Other information of taxon;     7;Phenotype;;Geography;;Lineage;;Group1;;Group2;;Group3;;
Mapping of taxon;     8;11_0658_BirC
Other information of taxon;     8;Phenotype;;Geography;;Lineage;;Group1;;Group2;;Group3;;
Mapping of taxon;     9;11_660_C
Other information of taxon;     9;Phenotype;;Geography;;Lineage;;Group1;;Group2;;Group3;;
Mapping of taxon;    10;11_665_B
Other information of taxon;    10;Phenotype;;Geography;;Lineage;;Group1;;Group2;;Group3;;
Mapping of taxon;    11;11_0667_BreB
Other information of taxon;    11;Phenotype;;Geography;;Lineage;;Group1;;Group2;;Group3;;
Mapping of taxon;    12;11_0672_ArnB
Other information of taxon;    12;Phenotype;;Geography;;Lineage;;Group1;;Group2;;Group3;;
Mapping of taxon;    13;11_0680_ArnB
Other information of taxon;    13;Phenotype;;Geography;;Lineage;;Group1;;Group2;;Group3;;
Mapping of taxon;    14;11_0685_ArnB
Other information of taxon;    14;Phenotype;;Geography;;Lineage;;Group1;;Group2;;Group3;;
Mapping of taxon;    15;11_0692_FalB
Other information of taxon;    15;Phenotype;;Geography;;Lineage;;Group1;;Group2;;Group3;;
Mapping of taxon;    16;11_0697_FalB
Other information of taxon;    16;Phenotype;;Geography;;Lineage;;Group1;;Group2;;Group3;;
Mapping of taxon;    17;11_0701_FalB
Other information of taxon;    17;Phenotype;;Geography;;Lineage;;Group1;;Group2;;Group3;;
Mapping of taxon;    18;11_0705_FalB
Other information of taxon;    18;Phenotype;;Geography;;Lineage;;Group1;;Group2;;Group3;;
Mapping of taxon;    19;11_0706_FalB
Other information of taxon;    19;Phenotype;;Geography;;Lineage;;Group1;;Group2;;Group3;;
Mapping of taxon;    20;11_0708_FalB
Other information of taxon;    20;Phenotype;;Geography;;Lineage;;Group1;;Group2;;Group3;;
Mapping of taxon;    21;11_0709_FalB
Other information of taxon;    21;Phenotype;;Geography;;Lineage;;Group1;;Group2;;Group3;;
Mapping of taxon;    22;11_0710_FalB
Other information of taxon;    22;Phenotype;;Geography;;Lineage;;Group1;;Group2;;Group3;;
Mapping of taxon;    23;11_0714_BirC
Other information of taxon;    23;Phenotype;;Geography;;Lineage;;Group1;;Group2;;Group3;;
Mapping of taxon;    24;11_0715_BirC
Other information of taxon;    24;Phenotype;;Geography;;Lineage;;Group1;;Group2;;Group3;;
Mapping of taxon;    25;11_0717_BirC
Other information of taxon;    25;Phenotype;;Geography;;Lineage;;Group1;;Group2;;Group3;;
Mapping of taxon;    26;11_0720_BirC
Other information of taxon;    26;Phenotype;;Geography;;Lineage;;Group1;;Group2;;Group3;;
Mapping of taxon;    27;11_0724_BirC
Other information of taxon;    27;Phenotype;;Geography;;Lineage;;Group1;;Group2;;Group3;;
Mapping of taxon;    28;11_0744_ZalC
Other information of taxon;    28;Phenotype;;Geography;;Lineage;;Group1;;Group2;;Group3;;
Mapping of taxon;    29;11_0754_ZalC
Other information of taxon;    29;Phenotype;;Geography;;Lineage;;Group1;;Group2;;Group3;;
Mapping of taxon;    30;11_0760_ChuC
Other information of taxon;    30;Phenotype;;Geography;;Lineage;;Group1;;Group2;;Group3;;
Mapping of taxon;    31;11_0764_ChuC
Other information of taxon;    31;Phenotype;;Geography;;Lineage;;Group1;;Group2;;Group3;;
Mapping of taxon;    32;11_0765_ChuC
Other information of taxon;    32;Phenotype;;Geography;;Lineage;;Group1;;Group2;;Group3;;
Mapping of taxon;    33;11_0768_ChuC
Other information of taxon;    33;Phenotype;;Geography;;Lineage;;Group1;;Group2;;Group3;;
Mapping of taxon;    34;11_0769_ChuC
Other information of taxon;    34;Phenotype;;Geography;;Lineage;;Group1;;Group2;;Group3;;
Mapping of taxon;    35;11_0775_ChuC
Other information of taxon;    35;Phenotype;;Geography;;Lineage;;Group1;;Group2;;Group3;;
Mapping of taxon;    36;11_0778_ChuC
Other information of taxon;    36;Phenotype;;Geography;;Lineage;;Group1;;Group2;;Group3;;
Mapping of taxon;    37;11_0791_PerB
Other information of taxon;    37;Phenotype;;Geography;;Lineage;;Group1;;Group2;;Group3;;
Mapping of taxon;    38;11_0798_PerB
Other information of taxon;    38;Phenotype;;Geography;;Lineage;;Group1;;Group2;;Group3;;
Mapping of taxon;    39;11_0799_PerB
Other information of taxon;    39;Phenotype;;Geography;;Lineage;;Group1;;Group2;;Group3;;
Mapping of taxon;    40;11_0802_PerB
Other information of taxon;    40;Phenotype;;Geography;;Lineage;;Group1;;Group2;;Group3;;
Mapping of taxon;    41;11_0804_PerB
Other information of taxon;    41;Phenotype;;Geography;;Lineage;;Group1;;Group2;;Group3;;
Mapping of taxon;    42;11_0806_HayC
Other information of taxon;    42;Phenotype;;Geography;;Lineage;;Group1;;Group2;;Group3;;
Mapping of taxon;    43;11_0816_HayC
Other information of taxon;    43;Phenotype;;Geography;;Lineage;;Group1;;Group2;;Group3;;
Mapping of taxon;    44;11_819_C
Other information of taxon;    44;Phenotype;;Geography;;Lineage;;Group1;;Group2;;Group3;;
Mapping of taxon;    45;11_0820_HayC
Other information of taxon;    45;Phenotype;;Geography;;Lineage;;Group1;;Group2;;Group3;;
Mapping of taxon;    46;11_821_C
Other information of taxon;    46;Phenotype;;Geography;;Lineage;;Group1;;Group2;;Group3;;
Mapping of taxon;    47;11_840_HayC
Other information of taxon;    47;Phenotype;;Geography;;Lineage;;Group1;;Group2;;Group3;;
Mapping of taxon;    48;11_0843_BreB
Other information of taxon;    48;Phenotype;;Geography;;Lineage;;Group1;;Group2;;Group3;;
Mapping of taxon;    49;11_0848_BreB
Other information of taxon;    49;Phenotype;;Geography;;Lineage;;Group1;;Group2;;Group3;;
Mapping of taxon;    50;11_0858_ChuC
Other information of taxon;    50;Phenotype;;Geography;;Lineage;;Group1;;Group2;;Group3;;
Mapping of taxon;    51;11_0863_ChuC
Other information of taxon;    51;Phenotype;;Geography;;Lineage;;Group1;;Group2;;Group3;;
Mapping of taxon;    52;11_0864_ChuC
Other information of taxon;    52;Phenotype;;Geography;;Lineage;;Group1;;Group2;;Group3;;
Mapping of taxon;    53;11_0869_ChuC
Other information of taxon;    53;Phenotype;;Geography;;Lineage;;Group1;;Group2;;Group3;;
Mapping of taxon;    54;11_0894_NeuB
Other information of taxon;    54;Phenotype;;Geography;;Lineage;;Group1;;Group2;;Group3;;
Mapping of taxon;    55;11_908_LouC
Other information of taxon;    55;Phenotype;;Geography;;Lineage;;Group1;;Group2;;Group3;;
Mapping of taxon;    56;11_914_C
Other information of taxon;    56;Phenotype;;Geography;;Lineage;;Group1;;Group2;;Group3;;
Mapping of taxon;    57;11_0919_LouC
Other information of taxon;    57;Phenotype;;Geography;;Lineage;;Group1;;Group2;;Group3;;
Mapping of taxon;    58;11_0921_LouC
Other information of taxon;    58;Phenotype;;Geography;;Lineage;;Group1;;Group2;;Group3;;
Mapping of taxon;    59;11_0922_LouC
Other information of taxon;    59;Phenotype;;Geography;;Lineage;;Group1;;Group2;;Group3;;
Mapping of taxon;    60;11_0925_LouC
Other information of taxon;    60;Phenotype;;Geography;;Lineage;;Group1;;Group2;;Group3;;
Mapping of taxon;    61;11_0926_LouC
Other information of taxon;    61;Phenotype;;Geography;;Lineage;;Group1;;Group2;;Group3;;
Mapping of taxon;    62;11_0950_LouC
Other information of taxon;    62;Phenotype;;Geography;;Lineage;;Group1;;Group2;;Group3;;
Mapping of taxon;    63;1048_Jerony
Other information of taxon;    63;Phenotype;;Geography;;Lineage;;Group1;;Group2;;Group3;;
Mapping of taxon;    64;1057_Hildbrand2
Other information of taxon;    64;Phenotype;;Geography;;Lineage;;Group1;;Group2;;Group3;;
Mapping of taxon;    65;1085_HorniLoma3
Other information of taxon;    65;Phenotype;;Geography;;Lineage;;Group1;;Group2;;Group3;;
Mapping of taxon;    66;1114_Pilgramsr4
Other information of taxon;    66;Phenotype;;Geography;;Lineage;;Group1;;Group2;;Group3;;
Mapping of taxon;    67;1130_Schoenwal5
Other information of taxon;    67;Phenotype;;Geography;;Lineage;;Group1;;Group2;;Group3;;
Mapping of taxon;    68;1144_Spielber
Other information of taxon;    68;Phenotype;;Geography;;Lineage;;Group1;;Group2;;Group3;;
Mapping of taxon;    69;1161_A
Other information of taxon;    69;Phenotype;;Geography;;Lineage;;Group1;;Group2;;Group3;;
Mapping of taxon;    70;1176_Ziegelhue6
Other information of taxon;    70;Phenotype;;Geography;;Lineage;;Group1;;Group2;;Group3;;
Mapping of taxon;    71;1178_Ziegelhue7
Other information of taxon;    71;Phenotype;;Geography;;Lineage;;Group1;;Group2;;Group3;;
Mapping of taxon;    72;1205_Wunsiede
Other information of taxon;    72;Phenotype;;Geography;;Lineage;;Group1;;Group2;;Group3;;
Mapping of taxon;    73;1213_Oberthoel8
Other information of taxon;    73;Phenotype;;Geography;;Lineage;;Group1;;Group2;;Group3;;
Mapping of taxon;    74;1219_Oberthoel9
Other information of taxon;    74;Phenotype;;Geography;;Lineage;;Group1;;Group2;;Group3;;
Mapping of taxon;    75;1246_Dornho
Other information of taxon;    75;Phenotype;;Geography;;Lineage;;Group1;;Group2;;Group3;;
Mapping of taxon;    76;1262_Baerla
Other information of taxon;    76;Phenotype;;Geography;;Lineage;;Group1;;Group2;;Group3;;
Mapping of taxon;    77;1034_Nahoreci10
Other information of taxon;    77;Phenotype;;Geography;;Lineage;;Group1;;Group2;;Group3;;
Mapping of taxon;    78;1047_Jerony
Other information of taxon;    78;Phenotype;;Geography;;Lineage;;Group1;;Group2;;Group3;;
Mapping of taxon;    79;1051_Jerony
Other information of taxon;    79;Phenotype;;Geography;;Lineage;;Group1;;Group2;;Group3;;
Mapping of taxon;    80;1080_HorniLom11
Other information of taxon;    80;Phenotype;;Geography;;Lineage;;Group1;;Group2;;Group3;;
Mapping of taxon;    81;1088_HorniLom12
Other information of taxon;    81;Phenotype;;Geography;;Lineage;;Group1;;Group2;;Group3;;
Mapping of taxon;    82;1090_HorniLom13
Other information of taxon;    82;Phenotype;;Geography;;Lineage;;Group1;;Group2;;Group3;;
Mapping of taxon;    83;1091_HorniLom14
Other information of taxon;    83;Phenotype;;Geography;;Lineage;;Group1;;Group2;;Group3;;
Mapping of taxon;    84;1103_HorniLom15
Other information of taxon;    84;Phenotype;;Geography;;Lineage;;Group1;;Group2;;Group3;;
Mapping of taxon;    85;1104_HorniLom16
Other information of taxon;    85;Phenotype;;Geography;;Lineage;;Group1;;Group2;;Group3;;
Mapping of taxon;    86;1105_HorniLom17
Other information of taxon;    86;Phenotype;;Geography;;Lineage;;Group1;;Group2;;Group3;;
Mapping of taxon;    87;1116_Pilgrams18
Other information of taxon;    87;Phenotype;;Geography;;Lineage;;Group1;;Group2;;Group3;;
Mapping of taxon;    88;1125_Pilgrams19
Other information of taxon;    88;Phenotype;;Geography;;Lineage;;Group1;;Group2;;Group3;;
Mapping of taxon;    89;1126_Schoenwa20
Other information of taxon;    89;Phenotype;;Geography;;Lineage;;Group1;;Group2;;Group3;;
Mapping of taxon;    90;1128_Schoenwa21
Other information of taxon;    90;Phenotype;;Geography;;Lineage;;Group1;;Group2;;Group3;;
Mapping of taxon;    91;1132_Schoenwa22
Other information of taxon;    91;Phenotype;;Geography;;Lineage;;Group1;;Group2;;Group3;;
Mapping of taxon;    92;1135_Schoenwa23
Other information of taxon;    92;Phenotype;;Geography;;Lineage;;Group1;;Group2;;Group3;;
Mapping of taxon;    93;1137_Schoenwa24
Other information of taxon;    93;Phenotype;;Geography;;Lineage;;Group1;;Group2;;Group3;;
Mapping of taxon;    94;1140_Schoenwa25
Other information of taxon;    94;Phenotype;;Geography;;Lineage;;Group1;;Group2;;Group3;;
Mapping of taxon;    95;1141_Schoenwa26
Other information of taxon;    95;Phenotype;;Geography;;Lineage;;Group1;;Group2;;Group3;;
Mapping of taxon;    96;1145_Spielber
Other information of taxon;    96;Phenotype;;Geography;;Lineage;;Group1;;Group2;;Group3;;
Mapping of taxon;    97;1148_Spielber
Other information of taxon;    97;Phenotype;;Geography;;Lineage;;Group1;;Group2;;Group3;;
Mapping of taxon;    98;1185_Ziegelhu27
Other information of taxon;    98;Phenotype;;Geography;;Lineage;;Group1;;Group2;;Group3;;
Mapping of taxon;    99;1187_Ziegelhu28
Other information of taxon;    99;Phenotype;;Geography;;Lineage;;Group1;;Group2;;Group3;;
Mapping of taxon;   100;1206_Wunsiede
Other information of taxon;   100;Phenotype;;Geography;;Lineage;;Group1;;Group2;;Group3;;
Mapping of taxon;   101;1209_Wunsiede
Other information of taxon;   101;Phenotype;;Geography;;Lineage;;Group1;;Group2;;Group3;;
Mapping of taxon;   102;1225_Oberthoe29
Other information of taxon;   102;Phenotype;;Geography;;Lineage;;Group1;;Group2;;Group3;;
Mapping of taxon;   103;1227_Oberthoe30
Other information of taxon;   103;Phenotype;;Geography;;Lineage;;Group1;;Group2;;Group3;;
Mapping of taxon;   104;1234_Oberthoe31
Other information of taxon;   104;Phenotype;;Geography;;Lineage;;Group1;;Group2;;Group3;;
Mapping of taxon;   105;1242_Dornho
Other information of taxon;   105;Phenotype;;Geography;;Lineage;;Group1;;Group2;;Group3;;
Mapping of taxon;   106;1249_Dornho
Other information of taxon;   106;Phenotype;;Geography;;Lineage;;Group1;;Group2;;Group3;;
Mapping of taxon;   107;1250_Dornho
Other information of taxon;   107;Phenotype;;Geography;;Lineage;;Group1;;Group2;;Group3;;
Mapping of taxon;mv   1;mv   1
Other information of taxon;mv   1;Phenotype;;Geography;;Lineage;;Group1;;Group2;;Group3;;
